Nov 14, 2014 12:41:38 PM org.apache.catalina.core.AprLifecycleListener init
INFO: The APR based Apache Tomcat Native library which allows optimal performance in production environments was not found on the java.library.path: C:\OR SVN\runtime\apache-tomcat-6.0.18\webapps\controller\WEB-INF\lib\native
Nov 14, 2014 12:41:38 PM org.apache.coyote.http11.Http11Protocol init
INFO: Initializing Coyote HTTP/1.1 on http-8080
Nov 14, 2014 12:41:38 PM org.apache.catalina.startup.Catalina load
INFO: Initialization processed in 1126 ms
Nov 14, 2014 12:41:38 PM org.apache.catalina.core.StandardService start
INFO: Starting service Catalina
Nov 14, 2014 12:41:38 PM org.apache.catalina.core.StandardEngine start
INFO: Starting Servlet Engine: Apache Tomcat/6.0.18
Nov 14, 2014 12:41:38 PM org.apache.catalina.startup.HostConfig deployWAR
INFO: Deploying web application archive webconsole.war
Nov 14, 2014 12:41:40 PM org.apache.coyote.http11.Http11Protocol start
INFO: Starting Coyote HTTP/1.1 on http-8080
Nov 14, 2014 12:41:40 PM org.apache.catalina.startup.Catalina start
INFO: Server startup in 1567 ms
Nov 14, 2014 1:35:49 PM org.apache.coyote.http11.Http11Protocol pause
INFO: Pausing Coyote HTTP/1.1 on http-8080
Nov 14, 2014 1:35:50 PM org.apache.catalina.core.StandardService stop
INFO: Stopping service Catalina
Nov 14, 2014 1:35:50 PM org.apache.coyote.http11.Http11Protocol destroy
INFO: Stopping Coyote HTTP/1.1 on http-8080
